<?xml version="1.0" encoding="UTF-8"?>
<!-- Generated by org.testng.reporters.JUnitReportReporter -->
<testsuite hostname="SANHDT" failures="0" tests="2" name="com.seveneleven.features.promotion.Demo1Test" time="4.091" errors="0" timestamp="2021-06-01T11:56:29 ICT" skipped="0">
  <testcase classname="com.seveneleven.features.promotion.Demo1Test" name="checkStatus" time="3.661"/>
  <system-out/>
  <testcase classname="com.seveneleven.features.promotion.Demo1Test" name="test1" time="0.430"/>
  <system-out/>
</testsuite> <!-- com.seveneleven.features.promotion.Demo1Test -->
